\BOOKMARK [0][-]{chapter*.2}{\376\377\000C\000o\000n\000t\000e\000n\000t\000s}{}% 1
\BOOKMARK [0][-]{chapter.1}{\376\377\000N\000u\000m\000b\000e\000r\000\040\000S\000y\000s\000t\000e\000m\000s}{}% 2
\BOOKMARK [1][-]{section.1.1}{\376\377\000D\000i\000g\000i\000t\000a\000l\000\040\000R\000e\000p\000r\000e\000s\000e\000n\000t\000a\000t\000i\000o\000n\000s}{chapter.1}% 3
\BOOKMARK [2][-]{subsection.1.1.1}{\376\377\000\050\000N\000o\000n\000\051\000R\000e\000d\000u\000n\000d\000a\000n\000t\000\040\000N\000u\000m\000b\000e\000r\000\040\000S\000y\000s\000t\000e\000m\000s}{section.1.1}% 4
\BOOKMARK [2][-]{subsection.1.1.2}{\376\377\000W\000e\000i\000g\000h\000t\000e\000d\000\040\000N\000u\000m\000b\000e\000r\000\040\000S\000y\000s\000t\000e\000m\000s}{section.1.1}% 5
\BOOKMARK [2][-]{subsection.1.1.3}{\376\377\000R\000a\000d\000i\000x\000\040\000S\000y\000s\000t\000e\000m\000s}{section.1.1}% 6
\BOOKMARK [2][-]{subsection.1.1.4}{\376\377\000F\000i\000x\000e\000d\000\040\000a\000n\000d\000\040\000M\000i\000x\000e\000d\000-\000R\000a\000d\000i\000x\000\040\000N\000u\000m\000b\000e\000r\000\040\000S\000y\000s\000t\000e\000m\000s}{section.1.1}% 7
\BOOKMARK [2][-]{subsection.1.1.5}{\376\377\000C\000a\000n\000o\000n\000i\000c\000a\000l\000\040\000N\000u\000m\000b\000e\000r\000\040\000S\000y\000s\000t\000e\000m\000s}{section.1.1}% 8
\BOOKMARK [1][-]{section.1.2}{\376\377\000B\000i\000n\000a\000r\000y\000/\000O\000c\000t\000a\000l\000/\000H\000e\000x\000a\000d\000e\000c\000i\000m\000a\000l\000\040\000t\000o\000/\000f\000r\000o\000m\000\040\000D\000e\000c\000i\000m\000a\000l}{chapter.1}% 9
\BOOKMARK [2][-]{subsection.1.2.1}{\376\377\000C\000o\000n\000v\000e\000r\000t\000i\000o\000n\000\040\000e\000x\000a\000m\000p\000l\000e\000s}{section.1.2}% 10
\BOOKMARK [1][-]{section.1.3}{\376\377\000O\000c\000t\000a\000l\000/\000H\000e\000x\000a\000d\000e\000c\000i\000m\000a\000l\000\040\000t\000o\000/\000f\000r\000o\000m\000\040\000B\000i\000n\000a\000r\000y}{chapter.1}% 11
\BOOKMARK [1][-]{section.1.4}{\376\377\000R\000e\000p\000r\000e\000s\000e\000n\000t\000a\000t\000i\000o\000n\000\040\000o\000f\000\040\000S\000i\000g\000n\000e\000d\000\040\000I\000n\000t\000e\000g\000e\000r\000s}{chapter.1}% 12
\BOOKMARK [2][-]{subsection.1.4.1}{\376\377\000S\000i\000g\000n\000-\000M\000a\000g\000n\000i\000t\000u\000d\000e\000\040\000R\000e\000p\000r\000e\000s\000e\000n\000t\000a\000t\000i\000o\000n\000\040\000\050\000S\000M\000\051}{section.1.4}% 13
\BOOKMARK [1][-]{section.1.5}{\376\377\000T\000r\000u\000e\000-\000a\000n\000d\000-\000C\000o\000m\000p\000l\000e\000m\000e\000n\000t\000\040\000\050\000T\000C\000\051}{chapter.1}% 14
\BOOKMARK [2][-]{subsection.1.5.1}{\376\377\000M\000a\000p\000p\000i\000n\000g}{section.1.5}% 15
\BOOKMARK [2][-]{subsection.1.5.2}{\376\377\000U\000n\000a\000m\000b\000i\000g\000u\000o\000u\000s\000\040\000R\000e\000p\000r\000e\000s\000e\000n\000t\000a\000t\000i\000o\000n}{section.1.5}% 16
\BOOKMARK [2][-]{subsection.1.5.3}{\376\377\000C\000o\000n\000v\000e\000r\000s\000e\000\040\000M\000a\000p\000p\000i\000n\000g}{section.1.5}% 17
\BOOKMARK [1][-]{section.1.6}{\376\377\000T\000w\000o\000'\000s\000\040\000C\000o\000m\000p\000l\000e\000m\000e\000n\000t\000\040\000S\000y\000s\000t\000e\000m}{chapter.1}% 18
\BOOKMARK [2][-]{subsection.1.6.1}{\376\377\000S\000i\000g\000n\000\040\000D\000e\000t\000e\000c\000t\000i\000o\000n\000\040\000i\000n\000\040\000T\000w\000o\000'\000s\000\040\000C\000o\000m\000p\000l\000e\000m\000e\000n\000t\000\040\000S\000y\000s\000t\000e\000m}{section.1.6}% 19
\BOOKMARK [2][-]{subsection.1.6.2}{\376\377\000M\000a\000p\000p\000i\000n\000g\000\040\000f\000r\000o\000m\000\040\000B\000i\000t\000-\000V\000e\000c\000t\000o\000r\000s\000\040\000t\000o\000\040\000V\000a\000l\000u\000e\000s}{section.1.6}% 20
\BOOKMARK [2][-]{subsection.1.6.3}{\376\377\000C\000h\000a\000n\000g\000e\000\040\000o\000f\000\040\000S\000i\000g\000n\000\040\000i\000n\000\040\000T\000w\000o\000'\000s\000\040\000C\000o\000m\000p\000l\000e\000m\000e\000n\000t\000\040\000S\000y\000s\000t\000e\000m}{section.1.6}% 21
\BOOKMARK [1][-]{section.1.7}{\37